<?xml version="1.0" encoding="UTF-8"?>
<!-- Generated by org.testng.reporters.JUnitReportReporter -->
<testsuite hostname="DESKTOP-L88NPJT" failures="0" tests="1" name="sivap.yut" time="26.630" errors="0" timestamp="2024-09-05T11:27:25 GMT-04:00" skipped="0">
  <testcase classname="sivap.yut" name="secondmethod" time="26.630"/>
</testsuite> <!-- sivap.yut -->
